node_score: map: 0
node_score: diversity: 0
node_score: degree_total: 0
node_score: closeness: 0
node_score: degree_out: 0
node_score: eccentricity: 0
node_score: cluster_number: 0
node_score: page_rank: 0
node_score: betweenness: 0
node_score: neighborhood_size: 0
node_score: cluster_size: 0
node_score: degree_in: 0
node_score: map: 0
node_score: diversity: 0
node_score: degree_total: 0
node_score: closeness: 0
node_score: degree_out: 0
node_score: eccentricity: 0
node_score: cluster_number: 0
node_score: page_rank: 0
node_score: betweenness: 0
node_score: neighborhood_size: 0
node_score: cluster_size: 0
node_score: degree_in: 0
node_score: map: 0
node_score: diversity: 0
node_score: degree_total: 0
node_score: closeness: 0
node_score: degree_out: 0
node_score: eccentricity: 0
node_score: cluster_number: 0
node_score: page_rank: 0
node_score: betweenness: 0
node_score: neighborhood_size: 0
node_score: cluster_size: 0
node_score: degree_in: 0
